<?xml version="1.0" encoding="UTF-8"?>
<testsuite xmlns:xsi="http://www.w3.org/2001/XMLSchema-instance" xsi:noNamespaceSchemaLocation="https://maven.apache.org/surefire/maven-surefire-plugin/xsd/surefire-test-report-3.0.xsd" version="3.0" name="TestSuite" time="57.882" tests="2" errors="0" skipped="0" failures="0">
  <properties>
[...]
</properties>
  <testcase name="loginTest" classname="com.huskyAuto.testCases.TC_LoginTest_001" time="2.552">
    <system-out><![CDATA[ INFO [main] (BaseClass.java:68)- URL is opened
 INFO [main] (TC_LoginTest_001.java:18)- UserName is entered
 INFO [main] (TC_LoginTest_001.java:20)- Password is entered
 INFO [main] (TC_LoginTest_001.java:22)- Click on Submit
 INFO [main] (TC_LoginTest_001.java:26)- Login Test Passed
]]></system-out>
    <system-err><![CDATA[SLF4J: Failed to load class "org.slf4j.impl.StaticLoggerBinder".
SLF4J: Defaulting to no-operation (NOP) logger implementation
SLF4J: See http://www.slf4j.org/codes.html#StaticLoggerBinder for further details.
Starting ChromeDriver 87.0.4280.88 (89e2380a3e36c3464b5dd1302349b1382549290d-refs/branch-heads/4280@{#1761}) on port 33219
Only local connections are allowed.
Please see https://chromedriver.chromium.org/security-considerations for suggestions on keeping ChromeDriver safe.
ChromeDriver was started successfully.
Jan 04, 2021 9:52:01 PM org.openqa.selenium.remote.ProtocolHandshake createSession
INFO: Detected dialect: W3C
]]></system-err>
  </testcase>
  <testcase name="addNewCustomer" classname="com.huskyAuto.testCases.TC_CreateNewCustomer_003" time="32.587">
    <system-out><![CDATA[ INFO [main] (BaseClass.java:68)- URL is opened
 INFO [main] (TC_CreateNewCustomer_003.java:17)- UserName is entered
 INFO [main] (TC_CreateNewCustomer_003.java:19)- Password is entered
 INFO [main] (TC_CreateNewCustomer_003.java:21)- Click on Submit
 INFO [main] (TC_CreateNewCustomer_003.java:31)- Providing Customer Details
 INFO [main] (TC_CreateNewCustomer_003.java:52)- Validation started
Screenshot taken
 INFO [main] (TC_CreateNewCustomer_003.java:60)- testcases Passed
]]></system-out>
    <system-err><![CDATA[Starting ChromeDriver 87.0.4280.88 (89e2380a3e36c3464b5dd1302349b1382549290d-refs/branch-heads/4280@{#1761}) on port 4395
Only local connections are allowed.
Please see https://chromedriver.chromium.org/security-considerations for suggestions on keeping ChromeDriver safe.
ChromeDriver was started successfully.
Jan 04, 2021 9:52:14 PM org.openqa.selenium.remote.ProtocolHandshake createSession
INFO: Detected dialect: W3C
]]></system-err>
  </testcase>
</testsuite>