<?xml version="1.0" encoding="UTF-8"?>
<testng-results ignored="0" total="2" passed="2" failed="0" skipped="0">
  <reporter-output>
  </reporter-output>
  <suite started-at="2021-01-04T21:51:57 IST" name="HybAuto_Custom" finished-at="2021-01-04T21:52:54 IST" duration-ms="56813">
    <groups>
    </groups>
    <test started-at="2021-01-04T21:51:57 IST" name="BankingApp Test" finished-at="2021-01-04T21:52:54 IST" duration-ms="56813">
      <class name="com.huskyAuto.testCases.TC_LoginTest_001">
        <test-method is-config="true" signature="setup(java.lang.String)[pri:0, instance:com.huskyAuto.testCases.TC_LoginTest_001@79ca92b9]" started-at="2021-01-04T21:51:57 IST" name="setup" finished-at="2021-01-04T21:52:08 IST" duration-ms="10656" status="PASS">
          <params>
            <param index="0">
              <value>
                <![CDATA[chrome]]>
              </value>
            </param>
          </params>
          <reporter-output>
          </reporter-output>
        </test-method> <!-- setup -->
        <test-method signature="loginTest()[pri:0, instance:com.huskyAuto.testCases.TC_LoginTest_001@79ca92b9]" started-at="2021-01-04T21:52:08 IST" name="loginTest" finished-at="2021-01-04T21:52:10 IST" duration-ms="2581" status="PASS">
          <reporter-output>
          </reporter-output>
        </test-method> <!-- loginTest -->
        <test-method is-config="true" signature="tearDown()[pri:0, instance:com.huskyAuto.testCases.TC_LoginTest_001@79ca92b9]" started-at="2021-01-04T21:52:10 IST" name="tearDown" finished-at="2021-01-04T21:52:11 IST" duration-ms="671" status="PASS">
          <reporter-output>
          </reporter-output>
        </test-method> <!-- tearDown -->
      </class> <!-- com.huskyAuto.testCases.TC_LoginTest_001 -->
      <class name="com.huskyAuto.testCases.TC_CreateNewCustomer_003">
        <test-method is-config="true" signature="setup(java.lang.String)[pri:0, instance:com.huskyAuto.testCases.TC_CreateNewCustomer_003@1460a8c0]" started-at="2021-01-04T21:52:11 IST" name="setup" finished-at="2021-01-04T21:52:20 IST" duration-ms="9379" status="PASS">
          <params>
            <param index="0">
              <value>
                <![CDATA[chrome]]>
              </value>
            </param>
          </params>
          <reporter-output>
          </reporter-output>
        </test-method> <!-- setup -->
        <test-method signature="addNewCustomer()[pri:0, instance:com.huskyAuto.testCases.TC_CreateNewCustomer_003@1460a8c0]" started-at="2021-01-04T21:52:20 IST" name="addNewCustomer" finished-at="2021-01-04T21:52:53 IST" duration-ms="32607" status="PASS">
          <reporter-output>
          </reporter-output>
        </test-method> <!-- addNewCustomer -->
        <test-method is-config="true" signature="tearDown()[pri:0, instance:com.huskyAuto.testCases.TC_CreateNewCustomer_003@1460a8c0]" started-at="2021-01-04T21:52:53 IST" name="tearDown" finished-at="2021-01-04T21:52:54 IST" duration-ms="673" status="PASS">
          <reporter-output>
          </reporter-output>
        </test-method> <!-- tearDown -->
      </class> <!-- com.huskyAuto.testCases.TC_CreateNewCustomer_003 -->
    </test> <!-- BankingApp Test -->
  </suite> <!-- HybAuto_Custom -->
</testng-results>
