<?xml version="1.0" encoding="UTF-8"?>
<testng-results ignored="0" total="1" passed="1" failed="0" skipped="0">
  <reporter-output>
  </reporter-output>
  <suite started-at="2020-12-27T19:51:00 IST" name="HybAuto_Custom" finished-at="2020-12-27T19:51:31 IST" duration-ms="30813">
    <groups>
    </groups>
    <test started-at="2020-12-27T19:51:00 IST" name="BankingApp Test" finished-at="2020-12-27T19:51:31 IST" duration-ms="30813">
      <class name="com.huskyAuto.testCases.TC_CreateNewCustomer_003">
        <test-method is-config="true" signature="setup(java.lang.String)[pri:0, instance:com.huskyAuto.testCases.TC_CreateNewCustomer_003@4ddced80]" started-at="2020-12-27T19:51:00 IST" name="setup" finished-at="2020-12-27T19:51:10 IST" duration-ms="9407" status="PASS">
          <params>
            <param index="0">
              <value>
                <![CDATA[chrome]]>
              </value>
            </param>
          </params>
          <reporter-output>
          </reporter-output>
        </test-method> <!-- setup -->
        <test-method signature="addNewCustomer()[pri:0, instance:com.huskyAuto.testCases.TC_CreateNewCustomer_003@4ddced80]" started-at="2020-12-27T19:51:10 IST" name="addNewCustomer" finished-at="2020-12-27T19:51:30 IST" duration-ms="20389" status="PASS">
          <reporter-output>
          </reporter-output>
        </test-method> <!-- addNewCustomer -->
        <test-method is-config="true" signature="tearDown()[pri:0, instance:com.huskyAuto.testCases.TC_CreateNewCustomer_003@4ddced80]" started-at="2020-12-27T19:51:30 IST" name="tearDown" finished-at="2020-12-27T19:51:31 IST" duration-ms="642" status="PASS">
          <reporter-output>
          </reporter-output>
        </test-method> <!-- tearDown -->
      </class> <!-- com.huskyAuto.testCases.TC_CreateNewCustomer_003 -->
    </test> <!-- BankingApp Test -->
  </suite> <!-- HybAuto_Custom -->
</testng-results>
